<?xml version="1.0" encoding="UTF-8"?>
<!-- Generated by org.testng.reporters.JUnitReportReporter -->
<testsuite hostname="LAPTOP-VENRDOLB" failures="0" tests="3" name="runner.RunCuke" time="55.907" errors="0" timestamp="23 May 2021 22:03:30 GMT" skipped="0">
  <testcase classname="runner.RunCuke" name="runScenario" time="26.928"/>
  <testcase classname="runner.RunCuke" name="runScenario" time="14.387"/>
  <testcase classname="runner.RunCuke" name="runScenario" time="14.592"/>
</testsuite> <!-- runner.RunCuke -->
