<?xml version="1.0" encoding="UTF-8"?>
<!-- Generated by org.testng.reporters.JUnitReportReporter -->
<testsuite hostname="LAPTOP-VENRDOLB" failures="0" tests="3" name="runner.RunCuke" time="59.397" errors="0" timestamp="24 May 2021 03:45:31 GMT" skipped="0">
  <testcase classname="runner.RunCuke" name="runScenario" time="15.552"/>
  <testcase classname="runner.RunCuke" name="runScenario" time="15.799"/>
  <testcase classname="runner.RunCuke" name="runScenario" time="28.046"/>
</testsuite> <!-- runner.RunCuke -->
