<?xml version="1.0" encoding="UTF-8"?>
<!-- Generated by org.testng.reporters.JUnitReportReporter -->
<testsuite skipped="3" hostname="LAPTOP-VENRDOLB" name="runner.RunCuke" tests="3" failures="0" timestamp="24 May 2021 02:33:53 GMT" time="0.140" errors="0">
  <testcase name="runScenario" time="0.002" classname="runner.RunCuke">
    <skipped/>
  </testcase> <!-- runScenario -->
  <testcase name="runScenario" time="0.001" classname="runner.RunCuke">
    <skipped/>
  </testcase> <!-- runScenario -->
  <testcase name="runScenario" time="0.137" classname="runner.RunCuke">
    <skipped/>
  </testcase> <!-- runScenario -->
</testsuite> <!-- runner.RunCuke -->
